<?xml version="1.0" encoding="UTF-8"?>
<testsuite name="PowerTest" tests="4" skipped="0" failures="0" errors="0" timestamp="2024-04-18T16:56:00" hostname="PIYUSH-PC" time="0.005">
  <properties/>
  <testcase name="oneRaisedToOneIsOne" classname="PowerTest" time="0.003"/>
  <testcase name="twoRaisedToTwoIsFour" classname="PowerTest" time="0.0"/>
  <testcase name="twoRaisedToOneIsTwo" classname="PowerTest" time="0.0"/>
  <testcase name="threeRaisedToTwoIs9" classname="PowerTest" time="0.001"/>
  <system-out><![CDATA[]]></system-out>
  <system-err><![CDATA[]]></system-err>
</testsuite>
